<?xml version="1.0" encoding="UTF-8"?>
<!-- Generated by org.testng.reporters.JUnitReportReporter -->
<testsuite skipped="0" hostname="TYSS-Aishwarya" name="tests.app1Test" tests="1" failures="0" timestamp="2022-09-13T18:24:36 IST" time="79.726" errors="0">
  <testcase name="tc1" time="79.726" classname="tests.app1Test"/>
  <system-out/>
</testsuite> <!-- tests.app1Test -->
